[ 2017-08-05T08:07:35+08:00 ] 127.0.0.1 /TP3.1.3_Admin/index.php/admin/Login/checkName
INFO: [ app_begin ] --START--
INFO: ReadHtmlCache Behavior ::run [ RunTime:0.000289s ]
INFO: [ app_begin ] --END-- [ RunTime:0.000325s ]
NOTIC: [8192] mysql_connect(): The mysql extension is deprecated and will be removed in the future: use mysqli or PDO instead E:\wamp\www\phpfile\TP3.1.3_Admin\ThinkPHP\Extend\Driver\Session\SessionDb.class.php 第 100 行.
NOTIC: [8192] mysql_connect(): The mysql extension is deprecated and will be removed in the future: use mysqli or PDO instead E:\wamp\www\phpfile\TP3.1.3_Admin\ThinkPHP\Lib\Driver\Db\DbMysql.class.php 第 55 行.
SQL: SHOW COLUMNS FROM `think_user` [ RunTime:0.080129s ]
NOTIC: [8192] preg_replace(): The /e modifier is deprecated, use preg_replace_callback instead E:\wamp\www\phpfile\TP3.1.3_Admin\ThinkPHP\Lib\Core\Db.class.php 第 605 行.
SQL: SELECT * FROM `think_user` WHERE ( `username` = '' ) LIMIT 1   [ RunTime:0.000215s ]

[ 2017-08-05T08:40:29+08:00 ] 127.0.0.1 /TP3.1.3_Admin/index.php/admin/Login/checkName
INFO: [ app_begin ] --START--
INFO: ReadHtmlCache Behavior ::run [ RunTime:0.000534s ]
INFO: [ app_begin ] --END-- [ RunTime:0.000592s ]
NOTIC: [8192] mysql_connect(): The mysql extension is deprecated and will be removed in the future: use mysqli or PDO instead E:\wamp\www\phpfile\TP3.1.3_Admin\ThinkPHP\Extend\Driver\Session\SessionDb.class.php 第 100 行.
NOTIC: [8192] mysql_connect(): The mysql extension is deprecated and will be removed in the future: use mysqli or PDO instead E:\wamp\www\phpfile\TP3.1.3_Admin\ThinkPHP\Lib\Driver\Db\DbMysql.class.php 第 55 行.
SQL: SHOW COLUMNS FROM `think_user` [ RunTime:0.012173s ]
NOTIC: [8192] preg_replace(): The /e modifier is deprecated, use preg_replace_callback instead E:\wamp\www\phpfile\TP3.1.3_Admin\ThinkPHP\Lib\Core\Db.class.php 第 605 行.
SQL: SELECT * FROM `think_user` WHERE ( `username` = '' ) LIMIT 1   [ RunTime:0.000270s ]

[ 2017-08-05T08:40:32+08:00 ] 127.0.0.1 /TP3.1.3_Admin/index.php/admin/Login/checkName
INFO: [ app_begin ] --START--
INFO: ReadHtmlCache Behavior ::run [ RunTime:0.000481s ]
INFO: [ app_begin ] --END-- [ RunTime:0.000540s ]
NOTIC: [8192] mysql_connect(): The mysql extension is deprecated and will be removed in the future: use mysqli or PDO instead E:\wamp\www\phpfile\TP3.1.3_Admin\ThinkPHP\Extend\Driver\Session\SessionDb.class.php 第 100 行.
NOTIC: [8192] mysql_connect(): The mysql extension is deprecated and will be removed in the future: use mysqli or PDO instead E:\wamp\www\phpfile\TP3.1.3_Admin\ThinkPHP\Lib\Driver\Db\DbMysql.class.php 第 55 行.
SQL: SHOW COLUMNS FROM `think_user` [ RunTime:0.031221s ]
NOTIC: [8192] preg_replace(): The /e modifier is deprecated, use preg_replace_callback instead E:\wamp\www\phpfile\TP3.1.3_Admin\ThinkPHP\Lib\Core\Db.class.php 第 605 行.
SQL: SELECT * FROM `think_user` WHERE ( `username` = '' ) LIMIT 1   [ RunTime:0.000320s ]

[ 2017-08-05T08:40:47+08:00 ] 127.0.0.1 /TP3.1.3_Admin/index.php/admin/Login/checkName
INFO: [ app_begin ] --START--
INFO: ReadHtmlCache Behavior ::run [ RunTime:0.000527s ]
INFO: [ app_begin ] --END-- [ RunTime:0.000583s ]
NOTIC: [8192] mysql_connect(): The mysql extension is deprecated and will be removed in the future: use mysqli or PDO instead E:\wamp\www\phpfile\TP3.1.3_Admin\ThinkPHP\Extend\Driver\Session\SessionDb.class.php 第 100 行.
NOTIC: [8192] mysql_connect(): The mysql extension is deprecated and will be removed in the future: use mysqli or PDO instead E:\wamp\www\phpfile\TP3.1.3_Admin\ThinkPHP\Lib\Driver\Db\DbMysql.class.php 第 55 行.
SQL: SHOW COLUMNS FROM `think_user` [ RunTime:0.022210s ]
NOTIC: [8192] preg_replace(): The /e modifier is deprecated, use preg_replace_callback instead E:\wamp\www\phpfile\TP3.1.3_Admin\ThinkPHP\Lib\Core\Db.class.php 第 605 行.
SQL: SELECT * FROM `think_user` WHERE ( `username` = '' ) LIMIT 1   [ RunTime:0.000470s ]

[ 2017-08-05T08:41:31+08:00 ] 127.0.0.1 /TP3.1.3_Admin/index.php/admin/Login/checkName
INFO: [ app_begin ] --START--
INFO: ReadHtmlCache Behavior ::run [ RunTime:0.000438s ]
INFO: [ app_begin ] --END-- [ RunTime:0.000492s ]
NOTIC: [8192] mysql_connect(): The mysql extension is deprecated and will be removed in the future: use mysqli or PDO instead E:\wamp\www\phpfile\TP3.1.3_Admin\ThinkPHP\Extend\Driver\Session\SessionDb.class.php 第 100 行.
NOTIC: [8192] mysql_connect(): The mysql extension is deprecated and will be removed in the future: use mysqli or PDO instead E:\wamp\www\phpfile\TP3.1.3_Admin\ThinkPHP\Lib\Driver\Db\DbMysql.class.php 第 55 行.
SQL: SHOW COLUMNS FROM `think_user` [ RunTime:0.007992s ]
NOTIC: [8192] preg_replace(): The /e modifier is deprecated, use preg_replace_callback instead E:\wamp\www\phpfile\TP3.1.3_Admin\ThinkPHP\Lib\Core\Db.class.php 第 605 行.
SQL: SELECT * FROM `think_user` WHERE ( `username` = '' ) LIMIT 1   [ RunTime:0.000176s ]

[ 2017-08-05T08:41:40+08:00 ] 127.0.0.1 /TP3.1.3_Admin/index.php/admin/Login/checkName
INFO: [ app_begin ] --START--
INFO: ReadHtmlCache Behavior ::run [ RunTime:0.000621s ]
INFO: [ app_begin ] --END-- [ RunTime:0.000698s ]
NOTIC: [8192] mysql_connect(): The mysql extension is deprecated and will be removed in the future: use mysqli or PDO instead E:\wamp\www\phpfile\TP3.1.3_Admin\ThinkPHP\Extend\Driver\Session\SessionDb.class.php 第 100 行.
NOTIC: [8192] mysql_connect(): The mysql extension is deprecated and will be removed in the future: use mysqli or PDO instead E:\wamp\www\phpfile\TP3.1.3_Admin\ThinkPHP\Lib\Driver\Db\DbMysql.class.php 第 55 行.
SQL: SHOW COLUMNS FROM `think_user` [ RunTime:0.013562s ]
NOTIC: [8192] preg_replace(): The /e modifier is deprecated, use preg_replace_callback instead E:\wamp\www\phpfile\TP3.1.3_Admin\ThinkPHP\Lib\Core\Db.class.php 第 605 行.
SQL: SELECT * FROM `think_user` WHERE ( `username` = 'Admin' ) LIMIT 1   [ RunTime:0.000259s ]

[ 2017-08-05T08:41:45+08:00 ] 127.0.0.1 /TP3.1.3_Admin/index.php/admin/Login/checkName
INFO: [ app_begin ] --START--
INFO: ReadHtmlCache Behavior ::run [ RunTime:0.000253s ]
INFO: [ app_begin ] --END-- [ RunTime:0.000283s ]
NOTIC: [8192] mysql_connect(): The mysql extension is deprecated and will be removed in the future: use mysqli or PDO instead E:\wamp\www\phpfile\TP3.1.3_Admin\ThinkPHP\Extend\Driver\Session\SessionDb.class.php 第 100 行.
NOTIC: [8192] mysql_connect(): The mysql extension is deprecated and will be removed in the future: use mysqli or PDO instead E:\wamp\www\phpfile\TP3.1.3_Admin\ThinkPHP\Lib\Driver\Db\DbMysql.class.php 第 55 行.
SQL: SHOW COLUMNS FROM `think_user` [ RunTime:0.026042s ]
NOTIC: [8192] preg_replace(): The /e modifier is deprecated, use preg_replace_callback instead E:\wamp\www\phpfile\TP3.1.3_Admin\ThinkPHP\Lib\Core\Db.class.php 第 605 行.
SQL: SELECT * FROM `think_user` WHERE ( `username` = 'Admin' ) LIMIT 1   [ RunTime:0.000239s ]

[ 2017-08-05T09:28:28+08:00 ] 127.0.0.1 /TP3.1.3_Admin/index.php/Admin/Rbac/addNodeArray
ERR: 非法操作:addNodeArray

[ 2017-08-05T09:29:18+08:00 ] 127.0.0.1 /TP3.1.3_Admin/index.php/Admin/Rbac/addNodeArray
ERR: 非法操作:addNodeArray

[ 2017-08-05T09:29:21+08:00 ] 127.0.0.1 /TP3.1.3_Admin/index.php/Admin/Rbac/addNodeArray
ERR: 非法操作:addNodeArray

[ 2017-08-05T09:30:47+08:00 ] 127.0.0.1 /TP3.1.3_Admin/index.php/Admin/Rbac/addNodeArray
ERR: 非法操作:addNodeArray

[ 2017-08-05T10:36:57+08:00 ] 127.0.0.1 /TP3.1.3_Admin/index.php/Admin/Rbac/__Public__/Css/node.css
ERR: 非法操作:__Public__

[ 2017-08-05T10:36:58+08:00 ] 127.0.0.1 /TP3.1.3_Admin/index.php/Admin/Rbac/__Public__/Css/node.css
ERR: 非法操作:__Public__

[ 2017-08-05T10:36:59+08:00 ] 127.0.0.1 /TP3.1.3_Admin/index.php/Admin/Rbac/__Public__/Css/node.css
ERR: 非法操作:__Public__

[ 2017-08-05T10:36:59+08:00 ] 127.0.0.1 /TP3.1.3_Admin/index.php/Admin/Rbac/__Public__/Css/node.css
ERR: 非法操作:__Public__

[ 2017-08-05T10:36:59+08:00 ] 127.0.0.1 /TP3.1.3_Admin/index.php/Admin/Rbac/__Public__/Css/node.css
ERR: 非法操作:__Public__

[ 2017-08-05T10:37:00+08:00 ] 127.0.0.1 /TP3.1.3_Admin/index.php/Admin/Rbac/__Public__/Css/node.css
ERR: 非法操作:__Public__

[ 2017-08-05T10:37:04+08:00 ] 127.0.0.1 /TP3.1.3_Admin/index.php/Admin/Rbac/__Public__/Css/node.css
ERR: 非法操作:__Public__

[ 2017-08-05T10:37:05+08:00 ] 127.0.0.1 /TP3.1.3_Admin/index.php/Admin/Rbac/__Public__/Css/node.css
ERR: 非法操作:__Public__

[ 2017-08-05T10:37:24+08:00 ] 127.0.0.1 /TP3.1.3_Admin/index.php/Admin/Rbac/__Public__/Css/node.css
ERR: 非法操作:__Public__

[ 2017-08-05T10:37:24+08:00 ] 127.0.0.1 /TP3.1.3_Admin/index.php/Admin/Rbac/__Public__/Css/node.css
ERR: 非法操作:__Public__

[ 2017-08-05T10:37:27+08:00 ] 127.0.0.1 /TP3.1.3_Admin/index.php/Admin/Rbac/__Public__/Css/node.css
ERR: 非法操作:__Public__

[ 2017-08-05T10:37:54+08:00 ] 127.0.0.1 /TP3.1.3_Admin/index.php/Admin/Rbac/__Public__/Css/node.css
ERR: 非法操作:__Public__

[ 2017-08-05T10:37:55+08:00 ] 127.0.0.1 /TP3.1.3_Admin/index.php/Admin/Rbac/__Public__/Css/node.css
ERR: 非法操作:__Public__

