[ 2018-04-12T11:10:16+08:00 ] 0.0.0.0 /TP3.1.3_htgl/index.php/Admin/Login/checkName
INFO: [ app_begin ] --START--
INFO: ReadHtmlCache Behavior ::run [ RunTime:0.001204s ]
INFO: [ app_begin ] --END-- [ RunTime:0.001301s ]
NOTIC: [8] A session had already been started - ignoring session_start() D:\Program Files (x86)\wamp\www\phpfile\TP3.1.3_htgl\ThinkPHP\Common\functions.php 第 566 行.
NOTIC: [8192] mysql_connect(): The mysql extension is deprecated and will be removed in the future: use mysqli or PDO instead D:\Program Files (x86)\wamp\www\phpfile\TP3.1.3_htgl\ThinkPHP\Lib\Driver\Db\DbMysql.class.php 第 55 行.
SQL: SHOW COLUMNS FROM `think_user` [ RunTime:0.053317s ]
NOTIC: [8192] preg_replace(): The /e modifier is deprecated, use preg_replace_callback instead D:\Program Files (x86)\wamp\www\phpfile\TP3.1.3_htgl\ThinkPHP\Lib\Core\Db.class.php 第 605 行.
SQL: SELECT * FROM `think_user` WHERE ( `username` = 'admin' ) LIMIT 1   [ RunTime:0.000830s ]

[ 2018-04-12T11:10:22+08:00 ] 0.0.0.0 /TP3.1.3_htgl/index.php/Admin/Login/checkName
INFO: [ app_begin ] --START--
INFO: ReadHtmlCache Behavior ::run [ RunTime:0.000389s ]
INFO: [ app_begin ] --END-- [ RunTime:0.000436s ]
NOTIC: [8] A session had already been started - ignoring session_start() D:\Program Files (x86)\wamp\www\phpfile\TP3.1.3_htgl\ThinkPHP\Common\functions.php 第 566 行.
NOTIC: [8192] mysql_connect(): The mysql extension is deprecated and will be removed in the future: use mysqli or PDO instead D:\Program Files (x86)\wamp\www\phpfile\TP3.1.3_htgl\ThinkPHP\Lib\Driver\Db\DbMysql.class.php 第 55 行.
SQL: SHOW COLUMNS FROM `think_user` [ RunTime:0.111061s ]
NOTIC: [8192] preg_replace(): The /e modifier is deprecated, use preg_replace_callback instead D:\Program Files (x86)\wamp\www\phpfile\TP3.1.3_htgl\ThinkPHP\Lib\Core\Db.class.php 第 605 行.
SQL: SELECT * FROM `think_user` WHERE ( `username` = 'admin' ) LIMIT 1   [ RunTime:0.000784s ]

[ 2018-04-12T11:11:10+08:00 ] 0.0.0.0 /TP3.1.3_htgl/index.php/Admin/Login/checkName
INFO: [ app_begin ] --START--
INFO: ReadHtmlCache Behavior ::run [ RunTime:0.000593s ]
INFO: [ app_begin ] --END-- [ RunTime:0.000645s ]
NOTIC: [8] A session had already been started - ignoring session_start() D:\Program Files (x86)\wamp\www\phpfile\TP3.1.3_htgl\ThinkPHP\Common\functions.php 第 566 行.
NOTIC: [8192] mysql_connect(): The mysql extension is deprecated and will be removed in the future: use mysqli or PDO instead D:\Program Files (x86)\wamp\www\phpfile\TP3.1.3_htgl\ThinkPHP\Lib\Driver\Db\DbMysql.class.php 第 55 行.
SQL: SHOW COLUMNS FROM `think_user` [ RunTime:0.004959s ]
NOTIC: [8192] preg_replace(): The /e modifier is deprecated, use preg_replace_callback instead D:\Program Files (x86)\wamp\www\phpfile\TP3.1.3_htgl\ThinkPHP\Lib\Core\Db.class.php 第 605 行.
SQL: SELECT * FROM `think_user` WHERE ( `username` = 'admin' ) LIMIT 1   [ RunTime:0.000240s ]

[ 2018-04-12T11:11:25+08:00 ] 0.0.0.0 /TP3.1.3_htgl/index.php/Admin/Login/checkName
INFO: [ app_begin ] --START--
INFO: ReadHtmlCache Behavior ::run [ RunTime:0.000864s ]
INFO: [ app_begin ] --END-- [ RunTime:0.000953s ]
NOTIC: [8] A session had already been started - ignoring session_start() D:\Program Files (x86)\wamp\www\phpfile\TP3.1.3_htgl\ThinkPHP\Common\functions.php 第 566 行.
NOTIC: [8192] mysql_connect(): The mysql extension is deprecated and will be removed in the future: use mysqli or PDO instead D:\Program Files (x86)\wamp\www\phpfile\TP3.1.3_htgl\ThinkPHP\Lib\Driver\Db\DbMysql.class.php 第 55 行.
SQL: SHOW COLUMNS FROM `think_user` [ RunTime:0.005140s ]
NOTIC: [8192] preg_replace(): The /e modifier is deprecated, use preg_replace_callback instead D:\Program Files (x86)\wamp\www\phpfile\TP3.1.3_htgl\ThinkPHP\Lib\Core\Db.class.php 第 605 行.
SQL: SELECT * FROM `think_user` WHERE ( `username` = 'admin' ) LIMIT 1   [ RunTime:0.000304s ]

[ 2018-04-12T11:11:34+08:00 ] 0.0.0.0 /TP3.1.3_htgl/index.php/Admin/Login/checkName
INFO: [ app_begin ] --START--
INFO: ReadHtmlCache Behavior ::run [ RunTime:0.000644s ]
INFO: [ app_begin ] --END-- [ RunTime:0.000719s ]
NOTIC: [8] A session had already been started - ignoring session_start() D:\Program Files (x86)\wamp\www\phpfile\TP3.1.3_htgl\ThinkPHP\Common\functions.php 第 566 行.
NOTIC: [8192] mysql_connect(): The mysql extension is deprecated and will be removed in the future: use mysqli or PDO instead D:\Program Files (x86)\wamp\www\phpfile\TP3.1.3_htgl\ThinkPHP\Lib\Driver\Db\DbMysql.class.php 第 55 行.
SQL: SHOW COLUMNS FROM `think_user` [ RunTime:0.152210s ]
NOTIC: [8192] preg_replace(): The /e modifier is deprecated, use preg_replace_callback instead D:\Program Files (x86)\wamp\www\phpfile\TP3.1.3_htgl\ThinkPHP\Lib\Core\Db.class.php 第 605 行.
SQL: SELECT * FROM `think_user` WHERE ( `username` = 'admin' ) LIMIT 1   [ RunTime:0.000743s ]

[ 2018-04-12T11:11:40+08:00 ] 0.0.0.0 /TP3.1.3_htgl/index.php/Admin/Login/checkName
INFO: [ app_begin ] --START--
INFO: ReadHtmlCache Behavior ::run [ RunTime:0.000392s ]
INFO: [ app_begin ] --END-- [ RunTime:0.000433s ]
NOTIC: [8] A session had already been started - ignoring session_start() D:\Program Files (x86)\wamp\www\phpfile\TP3.1.3_htgl\ThinkPHP\Common\functions.php 第 566 行.
NOTIC: [8192] mysql_connect(): The mysql extension is deprecated and will be removed in the future: use mysqli or PDO instead D:\Program Files (x86)\wamp\www\phpfile\TP3.1.3_htgl\ThinkPHP\Lib\Driver\Db\DbMysql.class.php 第 55 行.
SQL: SHOW COLUMNS FROM `think_user` [ RunTime:0.005478s ]
NOTIC: [8192] preg_replace(): The /e modifier is deprecated, use preg_replace_callback instead D:\Program Files (x86)\wamp\www\phpfile\TP3.1.3_htgl\ThinkPHP\Lib\Core\Db.class.php 第 605 行.
SQL: SELECT * FROM `think_user` WHERE ( `username` = 'admin' ) LIMIT 1   [ RunTime:0.000291s ]

[ 2018-04-12T11:11:55+08:00 ] 0.0.0.0 /TP3.1.3_htgl/index.php/Admin/Login/checkName
INFO: [ app_begin ] --START--
INFO: ReadHtmlCache Behavior ::run [ RunTime:0.000411s ]
INFO: [ app_begin ] --END-- [ RunTime:0.000453s ]
NOTIC: [8] A session had already been started - ignoring session_start() D:\Program Files (x86)\wamp\www\phpfile\TP3.1.3_htgl\ThinkPHP\Common\functions.php 第 566 行.
NOTIC: [8192] mysql_connect(): The mysql extension is deprecated and will be removed in the future: use mysqli or PDO instead D:\Program Files (x86)\wamp\www\phpfile\TP3.1.3_htgl\ThinkPHP\Lib\Driver\Db\DbMysql.class.php 第 55 行.
SQL: SHOW COLUMNS FROM `think_user` [ RunTime:0.005254s ]
NOTIC: [8192] preg_replace(): The /e modifier is deprecated, use preg_replace_callback instead D:\Program Files (x86)\wamp\www\phpfile\TP3.1.3_htgl\ThinkPHP\Lib\Core\Db.class.php 第 605 行.
SQL: SELECT * FROM `think_user` WHERE ( `username` = 'admin' ) LIMIT 1   [ RunTime:0.000261s ]

[ 2018-04-12T11:12:25+08:00 ] 0.0.0.0 /TP3.1.3_htgl/index.php/Admin/Login/checkName
INFO: [ app_begin ] --START--
INFO: ReadHtmlCache Behavior ::run [ RunTime:0.000560s ]
INFO: [ app_begin ] --END-- [ RunTime:0.000602s ]
NOTIC: [8] A session had already been started - ignoring session_start() D:\Program Files (x86)\wamp\www\phpfile\TP3.1.3_htgl\ThinkPHP\Common\functions.php 第 566 行.
NOTIC: [8192] mysql_connect(): The mysql extension is deprecated and will be removed in the future: use mysqli or PDO instead D:\Program Files (x86)\wamp\www\phpfile\TP3.1.3_htgl\ThinkPHP\Lib\Driver\Db\DbMysql.class.php 第 55 行.
SQL: SHOW COLUMNS FROM `think_user` [ RunTime:0.004939s ]
NOTIC: [8192] preg_replace(): The /e modifier is deprecated, use preg_replace_callback instead D:\Program Files (x86)\wamp\www\phpfile\TP3.1.3_htgl\ThinkPHP\Lib\Core\Db.class.php 第 605 行.
SQL: SELECT * FROM `think_user` WHERE ( `username` = 'admin' ) LIMIT 1   [ RunTime:0.000243s ]

